app/build/intermediates/manifest_merge_blame_file/debug/processDebugMainManifest/manifest-merger-blame-debug-report.txt
1<?xml version="1.0" encoding="utf-8"?>
2<manifest xmlns:android="http://schemas.android.com/apk/res/android"
3    package="com.example.madp"
4    android:versionCode="1"
5    android:versionName="1.0" >
6
7    <uses-sdk
8        android:minSdkVersion="23"
9        android:targetSdkVersion="33" />
10
11    <uses-permission android:name="android.permission.INTERNET" />
11-->[com.google.android.gms:play-services-measurement-api:22.1.2] AndroidManifest.xml:22:5-67
11-->[com.google.android.gms:play-services-measurement-api:22.1.2] AndroidManifest.xml:22:22-64
12    <uses-permission android:name="android.permission.ACCESS_NETWORK_STATE" />
12-->[com.google.android.gms:play-services-measurement-api:22.1.2] AndroidManifest.xml:23:5-79
12-->[com.google.android.gms:play-services-measurement-api:22.1.2] AndroidManifest.xml:23:22-76
13    <uses-permission android:name="android.permission.WAKE_LOCK" />
13-->[com.google.android.gms:play-services-measurement-api:22.1.2] AndroidManifest.xml:24:5-68
13-->[com.google.android.gms:play-services-measurement-api:22.1.2] AndroidManifest.xml:24:22-65
14    <uses-permission android:name="com.google.android.gms.permission.AD_ID" />
14-->[com.google.android.gms:play-services-measurement-api:22.1.2] AndroidManifest.xml:25:5-79
14-->[com.google.android.gms:play-services-measurement-api:22.1.2] AndroidManifest.xml:25:22-76
15    <uses-permission android:name="android.permission.ACCESS_ADSERVICES_ATTRIBUTION" />
15-->[com.google.android.gms:play-services-measurement-api:22.1.2] AndroidManifest.xml:26:5-88
15-->[com.google.android.gms:play-services-measurement-api:22.1.2] AndroidManifest.xml:26:22-85
16    <uses-permission android:name="android.permission.ACCESS_ADSERVICES_AD_ID" />
16-->[com.google.android.gms:play-services-measurement-api:22.1.2] AndroidManifest.xml:27:5-82
16-->[com.google.android.gms:play-services-measurement-api:22.1.2] AndroidManifest.xml:27:22-79
17    <uses-permission android:name="com.google.android.finsky.permission.BIND_GET_INSTALL_REFERRER_SERVICE" />
17-->[com.google.android.gms:play-services-measurement:22.1.2] AndroidManifest.xml:26:5-110
17-->[com.google.android.gms:play-services-measurement:22.1.2] AndroidManifest.xml:26:22-107
18    <uses-permission android:name="com.google.android.providers.gsf.permission.READ_GSERVICES" />
18-->[com.google.android.recaptcha:recaptcha:18.5.1] AndroidManifest.xml:9:5-98
18-->[com.google.android.recaptcha:recaptcha:18.5.1] AndroidManifest.xml:9:22-95
19
20    <permission
20-->[androidx.core:core:1.10.0] AndroidManifest.xml:22:5-24:47
21        android:name="com.example.madp.DYNAMIC_RECEIVER_NOT_EXPORTED_PERMISSION"
21-->[androidx.core:core:1.10.0] AndroidManifest.xml:23:9-81
22        android:protectionLevel="signature" />
22-->[androidx.core:core:1.10.0] AndroidManifest.xml:24:9-44
23
24    <uses-permission android:name="com.example.madp.DYNAMIC_RECEIVER_NOT_EXPORTED_PERMISSION" />
24-->[androidx.core:core:1.10.0] AndroidManifest.xml:26:5-97
24-->[androidx.core:core:1.10.0] AndroidManifest.xml:26:22-94
25
26    <application
26-->src\main\AndroidManifest.xml:5:5-96:19
27        android:allowBackup="true"
27-->src\main\AndroidManifest.xml:6:9-35
28        android:appComponentFactory="androidx.core.app.CoreComponentFactory"
28-->[androidx.core:core:1.10.0] AndroidManifest.xml:28:18-86
29        android:dataExtractionRules="@xml/data_extraction_rules"
29-->src\main\AndroidManifest.xml:7:9-65
30        android:debuggable="true"
31        android:extractNativeLibs="false"
32        android:fullBackupContent="@xml/backup_rules"
32-->src\main\AndroidManifest.xml:8:9-54
33        android:icon="@drawable/letter_f_logo_design_template_on_transparent_background_png_removebg_preview"
33-->src\main\AndroidManifest.xml:9:9-110
34        android:label="FineX"
34-->src\main\AndroidManifest.xml:10:9-30
35        android:supportsRtl="true"
35-->src\main\AndroidManifest.xml:11:9-35
36        android:testOnly="true"
37        android:theme="@style/Theme.MADP" >
37-->src\main\AndroidManifest.xml:12:9-42
38
39        <!-- activities -->
40
41        <activity
41-->src\main\AndroidManifest.xml:17:9-19:40
42            android:name="com.example.madp.Post1Activity"
42-->src\main\AndroidManifest.xml:18:13-42
43            android:exported="false" />
43-->src\main\AndroidManifest.xml:19:13-37
44        <activity
44-->src\main\AndroidManifest.xml:21:9-23:40
45            android:name="com.example.madp.Post2Activity"
45-->src\main\AndroidManifest.xml:22:13-42
46            android:exported="false" />
46-->src\main\AndroidManifest.xml:23:13-37
47        <activity
47-->src\main\AndroidManifest.xml:25:9-27:40
48            android:name="com.example.madp.Post3Activity"
48-->src\main\AndroidManifest.xml:26:13-42
49            android:exported="false" />
49-->src\main\AndroidManifest.xml:27:13-37
50        <activity
50-->src\main\AndroidManifest.xml:29:9-31:40
51            android:name="com.example.madp.PostEditActivity"
51-->src\main\AndroidManifest.xml:30:13-45
52            android:exported="false" />
52-->src\main\AndroidManifest.xml:31:13-37
53        <activity
53-->src\main\AndroidManifest.xml:33:9-35:40
54            android:name="com.example.madp.ApplyJob1Activity"
54-->src\main\AndroidManifest.xml:34:13-46
55            android:exported="false" />
55-->src\main\AndroidManifest.xml:35:13-37
56        <activity
56-->src\main\AndroidManifest.xml:37:9-39:40
57            android:name="com.example.madp.ApplyJob2Activity"
57-->src\main\AndroidManifest.xml:38:13-46
58            android:exported="false" />
58-->src\main\AndroidManifest.xml:39:13-37
59        <activity
59-->src\main\AndroidManifest.xml:41:9-43:40
60            android:name="com.example.madp.ApplyJob3Activity"
60-->src\main\AndroidManifest.xml:42:13-46
61            android:exported="false" />
61-->src\main\AndroidManifest.xml:43:13-37
62        <activity
62-->src\main\AndroidManifest.xml:45:9-47:40
63            android:name="com.example.madp.ApplyJobEditActivity"
63-->src\main\AndroidManifest.xml:46:13-49
64            android:exported="false" />
64-->src\main\AndroidManifest.xml:47:13-37
65        <activity
65-->src\main\AndroidManifest.xml:49:9-51:40
66            android:name="com.example.madp.Payment1Activity"
66-->src\main\AndroidManifest.xml:50:13-45
67            android:exported="false" />
67-->src\main\AndroidManifest.xml:51:13-37
68        <activity
68-->src\main\AndroidManifest.xml:53:9-55:40
69            android:name="com.example.madp.Payment2Activity"
69-->src\main\AndroidManifest.xml:54:13-45
70            android:exported="false" />
70-->src\main\AndroidManifest.xml:55:13-37
71        <activity
71-->src\main\AndroidManifest.xml:57:9-59:40
72            android:name="com.example.madp.EditPaymentActivity"
72-->src\main\AndroidManifest.xml:58:13-48
73            android:exported="false" />
73-->src\main\AndroidManifest.xml:59:13-37
74        <activity
74-->src\main\AndroidManifest.xml:61:9-63:40
75            android:name="com.example.madp.DashboardActivity"
75-->src\main\AndroidManifest.xml:62:13-46
76            android:exported="false" />
76-->src\main\AndroidManifest.xml:63:13-37
77        <activity
77-->src\main\AndroidManifest.xml:65:9-67:40
78            android:name="com.example.madp.EditActivity"
78-->src\main\AndroidManifest.xml:66:13-41
79            android:exported="false" />
79-->src\main\AndroidManifest.xml:67:13-37
80        <activity
80-->src\main\AndroidManifest.xml:69:9-71:40
81            android:name="com.example.madp.LoginActivity"
81-->src\main\AndroidManifest.xml:70:13-42
82            android:exported="false" />
82-->src\main\AndroidManifest.xml:71:13-37
83        <activity
83-->src\main\AndroidManifest.xml:73:9-75:40
84            android:name="com.example.madp.Register1Activity"
84-->src\main\AndroidManifest.xml:74:13-46
85            android:exported="false" />
85-->src\main\AndroidManifest.xml:75:13-37
86        <activity
86-->src\main\AndroidManifest.xml:77:9-79:40
87            android:name="com.example.madp.Register2Activity"
87-->src\main\AndroidManifest.xml:78:13-46
88            android:exported="false" />
88-->src\main\AndroidManifest.xml:79:13-37
89        <activity
89-->src\main\AndroidManifest.xml:81:9-83:40
90            android:name="com.example.madp.ProfileActivity"
90-->src\main\AndroidManifest.xml:82:13-44
91            android:exported="false" />
91-->src\main\AndroidManifest.xml:83:13-37
92
93        <!-- main activity -->
94        <activity
94-->src\main\AndroidManifest.xml:86:9-94:20
95            android:name="com.example.madp.MainActivity"
95-->src\main\AndroidManifest.xml:87:13-41
96            android:exported="true" >
96-->src\main\AndroidManifest.xml:88:13-36
97            <intent-filter>
97-->src\main\AndroidManifest.xml:89:13-93:29
98                <action android:name="android.intent.action.MAIN" /> <!-- main entry point -->
98-->src\main\AndroidManifest.xml:90:17-69
98-->src\main\AndroidManifest.xml:90:25-66
99
100                <category android:name="android.intent.category.LAUNCHER" /> <!-- this activity displayed in launcher -->
100-->src\main\AndroidManifest.xml:92:17-77
100-->src\main\AndroidManifest.xml:92:27-74
101            </intent-filter>
102        </activity>
103
104        <service
104-->[com.google.firebase:firebase-database-ktx:21.0.0] AndroidManifest.xml:9:9-15:19
105            android:name="com.google.firebase.components.ComponentDiscoveryService"
105-->[com.google.firebase:firebase-database-ktx:21.0.0] AndroidManifest.xml:10:13-84
106            android:directBootAware="true"
106-->[com.google.firebase:firebase-common:21.0.0] AndroidManifest.xml:32:13-43
107            android:exported="false" >
107-->[com.google.firebase:firebase-database-ktx:21.0.0] AndroidManifest.xml:11:13-37
108            <meta-data
108-->[com.google.firebase:firebase-database-ktx:21.0.0] AndroidManifest.xml:12:13-14:85
109                android:name="com.google.firebase.components:com.google.firebase.database.ktx.FirebaseDatabaseLegacyRegistrar"
109-->[com.google.firebase:firebase-database-ktx:21.0.0] AndroidManifest.xml:13:17-127
110                android:value="com.google.firebase.components.ComponentRegistrar" />
110-->[com.google.firebase:firebase-database-ktx:21.0.0] AndroidManifest.xml:14:17-82
111            <meta-data
111-->[com.google.firebase:firebase-auth-ktx:23.1.0] AndroidManifest.xml:11:13-13:85
112                android:name="com.google.firebase.components:com.google.firebase.auth.ktx.FirebaseAuthLegacyRegistrar"
112-->[com.google.firebase:firebase-auth-ktx:23.1.0] AndroidManifest.xml:12:17-119
113                android:value="com.google.firebase.components.ComponentRegistrar" />
113-->[com.google.firebase:firebase-auth-ktx:23.1.0] AndroidManifest.xml:13:17-82
114            <meta-data
114-->[com.google.android.gms:play-services-measurement-api:22.1.2] AndroidManifest.xml:37:13-39:85
115                android:name="com.google.firebase.components:com.google.firebase.analytics.connector.internal.AnalyticsConnectorRegistrar"
115-->[com.google.android.gms:play-services-measurement-api:22.1.2] AndroidManifest.xml:38:17-139
116                android:value="com.google.firebase.components.ComponentRegistrar" />
116-->[com.google.android.gms:play-services-measurement-api:22.1.2] AndroidManifest.xml:39:17-82
117            <meta-data
117-->[com.google.firebase:firebase-database:21.0.0] AndroidManifest.xml:29:13-31:85
118                android:name="com.google.firebase.components:com.google.firebase.database.FirebaseDatabaseKtxRegistrar"
118-->[com.google.firebase:firebase-database:21.0.0] AndroidManifest.xml:30:17-120
119                android:value="com.google.firebase.components.ComponentRegistrar" />
119-->[com.google.firebase:firebase-database:21.0.0] AndroidManifest.xml:31:17-82
120            <meta-data
120-->[com.google.firebase:firebase-database:21.0.0] AndroidManifest.xml:32:13-34:85
121                android:name="com.google.firebase.components:com.google.firebase.database.DatabaseRegistrar"
121-->[com.google.firebase:firebase-database:21.0.0] AndroidManifest.xml:33:17-109
122                android:value="com.google.firebase.components.ComponentRegistrar" />
122-->[com.google.firebase:firebase-database:21.0.0] AndroidManifest.xml:34:17-82
123            <meta-data
123-->[com.google.firebase:firebase-auth:23.1.0] AndroidManifest.xml:69:13-71:85
124                android:name="com.google.firebase.components:com.google.firebase.auth.FirebaseAuthRegistrar"
124-->[com.google.firebase:firebase-auth:23.1.0] AndroidManifest.xml:70:17-109
125                android:value="com.google.firebase.components.ComponentRegistrar" />
125-->[com.google.firebase:firebase-auth:23.1.0] AndroidManifest.xml:71:17-82
126            <meta-data
126-->[com.google.firebase:firebase-installations:18.0.0] AndroidManifest.xml:15:13-17:85
127                android:name="com.google.firebase.components:com.google.firebase.installations.FirebaseInstallationsKtxRegistrar"
127-->[com.google.firebase:firebase-installations:18.0.0] AndroidManifest.xml:16:17-130
128                android:value="com.google.firebase.components.ComponentRegistrar" />
128-->[com.google.firebase:firebase-installations:18.0.0] AndroidManifest.xml:17:17-82
129            <meta-data
129-->[com.google.firebase:firebase-installations:18.0.0] AndroidManifest.xml:18:13-20:85
130                android:name="com.google.firebase.components:com.google.firebase.installations.FirebaseInstallationsRegistrar"
130-->[com.google.firebase:firebase-installations:18.0.0] AndroidManifest.xml:19:17-127
131                android:value="com.google.firebase.components.ComponentRegistrar" />
131-->[com.google.firebase:firebase-installations:18.0.0] AndroidManifest.xml:20:17-82
132            <meta-data
132-->[com.google.firebase:firebase-common-ktx:21.0.0] AndroidManifest.xml:12:13-14:85
133                android:name="com.google.firebase.components:com.google.firebase.ktx.FirebaseCommonLegacyRegistrar"
133-->[com.google.firebase:firebase-common-ktx:21.0.0] AndroidManifest.xml:13:17-116
134                android:value="com.google.firebase.components.ComponentRegistrar" />
134-->[com.google.firebase:firebase-common-ktx:21.0.0] AndroidManifest.xml:14:17-82
135            <meta-data
135-->[com.google.firebase:firebase-common:21.0.0] AndroidManifest.xml:35:13-37:85
136                android:name="com.google.firebase.components:com.google.firebase.FirebaseCommonKtxRegistrar"
136-->[com.google.firebase:firebase-common:21.0.0] AndroidManifest.xml:36:17-109
137                android:value="com.google.firebase.components.ComponentRegistrar" />
137-->[com.google.firebase:firebase-common:21.0.0] AndroidManifest.xml:37:17-82
138        </service>
139
140        <property
140-->[com.google.android.gms:play-services-measurement-api:22.1.2] AndroidManifest.xml:30:9-32:61
141            android:name="android.adservices.AD_SERVICES_CONFIG"
141-->[com.google.android.gms:play-services-measurement-api:22.1.2] AndroidManifest.xml:31:13-65
142            android:resource="@xml/ga_ad_services_config" />
142-->[com.google.android.gms:play-services-measurement-api:22.1.2] AndroidManifest.xml:32:13-58
143
144        <activity
144-->[com.google.firebase:firebase-auth:23.1.0] AndroidManifest.xml:29:9-46:20
145            android:name="com.google.firebase.auth.internal.GenericIdpActivity"
145-->[com.google.firebase:firebase-auth:23.1.0] AndroidManifest.xml:30:13-80
146            android:excludeFromRecents="true"
146-->[com.google.firebase:firebase-auth:23.1.0] AndroidManifest.xml:31:13-46
147            android:exported="true"
147-->[com.google.firebase:firebase-auth:23.1.0] AndroidManifest.xml:32:13-36
148            android:launchMode="singleTask"
148-->[com.google.firebase:firebase-auth:23.1.0] AndroidManifest.xml:33:13-44
149            android:theme="@android:style/Theme.Translucent.NoTitleBar" >
149-->[com.google.firebase:firebase-auth:23.1.0] AndroidManifest.xml:34:13-72
150            <intent-filter>
150-->[com.google.firebase:firebase-auth:23.1.0] AndroidManifest.xml:35:13-45:29
151                <action android:name="android.intent.action.VIEW" />
151-->[com.google.firebase:firebase-auth:23.1.0] AndroidManifest.xml:36:17-69
151-->[com.google.firebase:firebase-auth:23.1.0] AndroidManifest.xml:36:25-66
152
153                <category android:name="android.intent.category.DEFAULT" />
153-->[com.google.firebase:firebase-auth:23.1.0] AndroidManifest.xml:38:17-76
153-->[com.google.firebase:firebase-auth:23.1.0] AndroidManifest.xml:38:27-73
154                <category android:name="android.intent.category.BROWSABLE" />
154-->[com.google.firebase:firebase-auth:23.1.0] AndroidManifest.xml:39:17-78
154-->[com.google.firebase:firebase-auth:23.1.0] AndroidManifest.xml:39:27-75
155
156                <data
156-->[com.google.firebase:firebase-auth:23.1.0] AndroidManifest.xml:41:17-44:51
157                    android:host="firebase.auth"
157-->[com.google.firebase:firebase-auth:23.1.0] AndroidManifest.xml:42:21-49
158                    android:path="/"
158-->[com.google.firebase:firebase-auth:23.1.0] AndroidManifest.xml:43:21-37
159                    android:scheme="genericidp" />
159-->[com.google.firebase:firebase-auth:23.1.0] AndroidManifest.xml:44:21-48
160            </intent-filter>
161        </activity>
162        <activity
162-->[com.google.firebase:firebase-auth:23.1.0] AndroidManifest.xml:47:9-64:20
163            android:name="com.google.firebase.auth.internal.RecaptchaActivity"
163-->[com.google.firebase:firebase-auth:23.1.0] AndroidManifest.xml:48:13-79
164            android:excludeFromRecents="true"
164-->[com.google.firebase:firebase-auth:23.1.0] AndroidManifest.xml:49:13-46
165            android:exported="true"
165-->[com.google.firebase:firebase-auth:23.1.0] AndroidManifest.xml:50:13-36
166            android:launchMode="singleTask"
166-->[com.google.firebase:firebase-auth:23.1.0] AndroidManifest.xml:51:13-44
167            android:theme="@android:style/Theme.Translucent.NoTitleBar" >
167-->[com.google.firebase:firebase-auth:23.1.0] AndroidManifest.xml:52:13-72
168            <intent-filter>
168-->[com.google.firebase:firebase-auth:23.1.0] AndroidManifest.xml:53:13-63:29
169                <action android:name="android.intent.action.VIEW" />
169-->[com.google.firebase:firebase-auth:23.1.0] AndroidManifest.xml:36:17-69
169-->[com.google.firebase:firebase-auth:23.1.0] AndroidManifest.xml:36:25-66
170
171                <category android:name="android.intent.category.DEFAULT" />
171-->[com.google.firebase:firebase-auth:23.1.0] AndroidManifest.xml:38:17-76
171-->[com.google.firebase:firebase-auth:23.1.0] AndroidManifest.xml:38:27-73
172                <category android:name="android.intent.category.BROWSABLE" />
172-->[com.google.firebase:firebase-auth:23.1.0] AndroidManifest.xml:39:17-78
172-->[com.google.firebase:firebase-auth:23.1.0] AndroidManifest.xml:39:27-75
173
174                <data
174-->[com.google.firebase:firebase-auth:23.1.0] AndroidManifest.xml:41:17-44:51
175                    android:host="firebase.auth"
175-->[com.google.firebase:firebase-auth:23.1.0] AndroidManifest.xml:42:21-49
176                    android:path="/"
176-->[com.google.firebase:firebase-auth:23.1.0] AndroidManifest.xml:43:21-37
177                    android:scheme="recaptcha" />
177-->[com.google.firebase:firebase-auth:23.1.0] AndroidManifest.xml:44:21-48
178            </intent-filter>
179        </activity>
180
181        <service
181-->[androidx.credentials:credentials-play-services-auth:1.2.0-rc01] AndroidManifest.xml:24:9-32:19
182            android:name="androidx.credentials.playservices.CredentialProviderMetadataHolder"
182-->[androidx.credentials:credentials-play-services-auth:1.2.0-rc01] AndroidManifest.xml:25:13-94
183            android:enabled="true"
183-->[androidx.credentials:credentials-play-services-auth:1.2.0-rc01] AndroidManifest.xml:26:13-35
184            android:exported="false" >
184-->[androidx.credentials:credentials-play-services-auth:1.2.0-rc01] AndroidManifest.xml:27:13-37
185            <meta-data
185-->[androidx.credentials:credentials-play-services-auth:1.2.0-rc01] AndroidManifest.xml:29:13-31:104
186                android:name="androidx.credentials.CREDENTIAL_PROVIDER_KEY"
186-->[androidx.credentials:credentials-play-services-auth:1.2.0-rc01] AndroidManifest.xml:30:17-76
187                android:value="androidx.credentials.playservices.CredentialProviderPlayServicesImpl" />
187-->[androidx.credentials:credentials-play-services-auth:1.2.0-rc01] AndroidManifest.xml:31:17-101
188        </service>
189
190        <activity
190-->[androidx.credentials:credentials-play-services-auth:1.2.0-rc01] AndroidManifest.xml:34:9-41:20
191            android:name="androidx.credentials.playservices.HiddenActivity"
191-->[androidx.credentials:credentials-play-services-auth:1.2.0-rc01] AndroidManifest.xml:35:13-76
192            android:configChanges="orientation|screenSize|screenLayout|keyboardHidden"
192-->[androidx.credentials:credentials-play-services-auth:1.2.0-rc01] AndroidManifest.xml:36:13-87
193            android:enabled="true"
193-->[androidx.credentials:credentials-play-services-auth:1.2.0-rc01] AndroidManifest.xml:37:13-35
194            android:exported="false"
194-->[androidx.credentials:credentials-play-services-auth:1.2.0-rc01] AndroidManifest.xml:38:13-37
195            android:fitsSystemWindows="true"
195-->[androidx.credentials:credentials-play-services-auth:1.2.0-rc01] AndroidManifest.xml:39:13-45
196            android:theme="@style/Theme.Hidden" >
196-->[androidx.credentials:credentials-play-services-auth:1.2.0-rc01] AndroidManifest.xml:40:13-48
197        </activity>
198
199        <receiver
199-->[com.google.android.gms:play-services-measurement:22.1.2] AndroidManifest.xml:29:9-33:20
200            android:name="com.google.android.gms.measurement.AppMeasurementReceiver"
200-->[com.google.android.gms:play-services-measurement:22.1.2] AndroidManifest.xml:30:13-85
201            android:enabled="true"
201-->[com.google.android.gms:play-services-measurement:22.1.2] AndroidManifest.xml:31:13-35
202            android:exported="false" >
202-->[com.google.android.gms:play-services-measurement:22.1.2] AndroidManifest.xml:32:13-37
203        </receiver>
204
205        <service
205-->[com.google.android.gms:play-services-measurement:22.1.2] AndroidManifest.xml:35:9-38:40
206            android:name="com.google.android.gms.measurement.AppMeasurementService"
206-->[com.google.android.gms:play-services-measurement:22.1.2] AndroidManifest.xml:36:13-84
207            android:enabled="true"
207-->[com.google.android.gms:play-services-measurement:22.1.2] AndroidManifest.xml:37:13-35
208            android:exported="false" />
208-->[com.google.android.gms:play-services-measurement:22.1.2] AndroidManifest.xml:38:13-37
209        <service
209-->[com.google.android.gms:play-services-measurement:22.1.2] AndroidManifest.xml:39:9-43:72
210            android:name="com.google.android.gms.measurement.AppMeasurementJobService"
210-->[com.google.android.gms:play-services-measurement:22.1.2] AndroidManifest.xml:40:13-87
211            android:enabled="true"
211-->[com.google.android.gms:play-services-measurement:22.1.2] AndroidManifest.xml:41:13-35
212            android:exported="false"
212-->[com.google.android.gms:play-services-measurement:22.1.2] AndroidManifest.xml:42:13-37
213            android:permission="android.permission.BIND_JOB_SERVICE" />
213-->[com.google.android.gms:play-services-measurement:22.1.2] AndroidManifest.xml:43:13-69
214
215        <provider
215-->[com.google.firebase:firebase-common:21.0.0] AndroidManifest.xml:23:9-28:39
216            android:name="com.google.firebase.provider.FirebaseInitProvider"
216-->[com.google.firebase:firebase-common:21.0.0] AndroidManifest.xml:24:13-77
217            android:authorities="com.example.madp.firebaseinitprovider"
217-->[com.google.firebase:firebase-common:21.0.0] AndroidManifest.xml:25:13-72
218            android:directBootAware="true"
218-->[com.google.firebase:firebase-common:21.0.0] AndroidManifest.xml:26:13-43
219            android:exported="false"
219-->[com.google.firebase:firebase-common:21.0.0] AndroidManifest.xml:27:13-37
220            android:initOrder="100" />
220-->[com.google.firebase:firebase-common:21.0.0] AndroidManifest.xml:28:13-36
221
222        <activity
222-->[com.google.android.gms:play-services-auth:20.7.0] AndroidManifest.xml:23:9-27:75
223            android:name="com.google.android.gms.auth.api.signin.internal.SignInHubActivity"
223-->[com.google.android.gms:play-services-auth:20.7.0] AndroidManifest.xml:24:13-93
224            android:excludeFromRecents="true"
224-->[com.google.android.gms:play-services-auth:20.7.0] AndroidManifest.xml:25:13-46
225            android:exported="false"
225-->[com.google.android.gms:play-services-auth:20.7.0] AndroidManifest.xml:26:13-37
226            android:theme="@android:style/Theme.Translucent.NoTitleBar" />
226-->[com.google.android.gms:play-services-auth:20.7.0] AndroidManifest.xml:27:13-72
227        <!--
228            Service handling Google Sign-In user revocation. For apps that do not integrate with
229            Google Sign-In, this service will never be started.
230        -->
231        <service
231-->[com.google.android.gms:play-services-auth:20.7.0] AndroidManifest.xml:33:9-37:51
232            android:name="com.google.android.gms.auth.api.signin.RevocationBoundService"
232-->[com.google.android.gms:play-services-auth:20.7.0] AndroidManifest.xml:34:13-89
233            android:exported="true"
233-->[com.google.android.gms:play-services-auth:20.7.0] AndroidManifest.xml:35:13-36
234            android:permission="com.google.android.gms.auth.api.signin.permission.REVOCATION_NOTIFICATION"
234-->[com.google.android.gms:play-services-auth:20.7.0] AndroidManifest.xml:36:13-107
235            android:visibleToInstantApps="true" />
235-->[com.google.android.gms:play-services-auth:20.7.0] AndroidManifest.xml:37:13-48
236
237        <activity
237-->[com.google.android.gms:play-services-base:18.5.0] AndroidManifest.xml:5:9-173
238            android:name="com.google.android.gms.common.api.GoogleApiActivity"
238-->[com.google.android.gms:play-services-base:18.5.0] AndroidManifest.xml:5:19-85
239            android:exported="false"
239-->[com.google.android.gms:play-services-base:18.5.0] AndroidManifest.xml:5:146-170
240            android:theme="@android:style/Theme.Translucent.NoTitleBar" />
240-->[com.google.android.gms:play-services-base:18.5.0] AndroidManifest.xml:5:86-145
241
242        <uses-library
242-->[androidx.privacysandbox.ads:ads-adservices:1.0.0-beta05] AndroidManifest.xml:23:9-25:40
243            android:name="android.ext.adservices"
243-->[androidx.privacysandbox.ads:ads-adservices:1.0.0-beta05] AndroidManifest.xml:24:13-50
244            android:required="false" />
244-->[androidx.privacysandbox.ads:ads-adservices:1.0.0-beta05] AndroidManifest.xml:25:13-37
245
246        <meta-data
246-->[com.google.android.gms:play-services-basement:18.4.0] AndroidManifest.xml:6:9-122
247            android:name="com.google.android.gms.version"
247-->[com.google.android.gms:play-services-basement:18.4.0] AndroidManifest.xml:6:20-65
248            android:value="@integer/google_play_services_version" />
248-->[com.google.android.gms:play-services-basement:18.4.0] AndroidManifest.xml:6:66-119
249
250        <provider
250-->[androidx.emoji2:emoji2:1.2.0] AndroidManifest.xml:24:9-32:20
251            android:name="androidx.startup.InitializationProvider"
251-->[androidx.emoji2:emoji2:1.2.0] AndroidManifest.xml:25:13-67
252            android:authorities="com.example.madp.androidx-startup"
252-->[androidx.emoji2:emoji2:1.2.0] AndroidManifest.xml:26:13-68
253            android:exported="false" >
253-->[androidx.emoji2:emoji2:1.2.0] AndroidManifest.xml:27:13-37
254            <meta-data
254-->[androidx.emoji2:emoji2:1.2.0] AndroidManifest.xml:29:13-31:52
255                android:name="androidx.emoji2.text.EmojiCompatInitializer"
255-->[androidx.emoji2:emoji2:1.2.0] AndroidManifest.xml:30:17-75
256                android:value="androidx.startup" />
256-->[androidx.emoji2:emoji2:1.2.0] AndroidManifest.xml:31:17-49
257            <meta-data
257-->[androidx.lifecycle:lifecycle-process:2.4.1] AndroidManifest.xml:31:13-33:52
258                android:name="androidx.lifecycle.ProcessLifecycleInitializer"
258-->[androidx.lifecycle:lifecycle-process:2.4.1] AndroidManifest.xml:32:17-78
259                android:value="androidx.startup" />
259-->[androidx.lifecycle:lifecycle-process:2.4.1] AndroidManifest.xml:33:17-49
260        </provider> <!-- The activities will be merged into the manifest of the hosting app. -->
261        <activity
261-->[com.google.android.play:core-common:2.0.3] AndroidManifest.xml:14:9-18:65
262            android:name="com.google.android.play.core.common.PlayCoreDialogWrapperActivity"
262-->[com.google.android.play:core-common:2.0.3] AndroidManifest.xml:15:13-93
263            android:exported="false"
263-->[com.google.android.play:core-common:2.0.3] AndroidManifest.xml:16:13-37
264            android:stateNotNeeded="true"
264-->[com.google.android.play:core-common:2.0.3] AndroidManifest.xml:17:13-42
265            android:theme="@style/Theme.PlayCore.Transparent" />
265-->[com.google.android.play:core-common:2.0.3] AndroidManifest.xml:18:13-62
266    </application>
267
268</manifest>